<?xml version="1.0" encoding="UTF-8"?>
<!-- Generated by org.testng.reporters.JUnitReportReporter -->
<testsuite hostname="DESKTOP-QNBP0FC" failures="0" tests="1" name="scripts.Tc1" time="0.019" errors="0" timestamp="2023-01-04T11:00:40 IST" skipped="0">
  <testcase classname="scripts.Tc1" name="demo" time="0.019"/>
  <system-out>
    <![CDATA[hello java]]>
  </system-out>
</testsuite> <!-- scripts.Tc1 -->
