<?xml version="1.0" encoding="UTF-8"?>
<!-- Generated by org.testng.reporters.JUnitReportReporter -->
<testsuite hostname="DESKTOP-QNBP0FC" failures="0" tests="1" name="scripts.Tc2" time="0.003" errors="0" timestamp="2023-01-04T11:00:40 IST" skipped="0">
  <testcase classname="scripts.Tc2" name="demo" time="0.003"/>
  <system-out>
    <![CDATA[hello Selenium]]>
  </system-out>
</testsuite> <!-- scripts.Tc2 -->
