<?xml version="1.0" encoding="UTF-8"?>
<!-- Generated by org.testng.reporters.JUnitReportReporter -->
<testsuite hostname="DESKTOP-QNBP0FC" failures="0" tests="1" name="scripts.Tc4" time="0.004" errors="0" timestamp="2023-01-04T11:00:40 IST" skipped="0">
  <testcase classname="scripts.Tc4" name="demo" time="0.004"/>
  <system-out>
    <![CDATA[hello PythonSelenium]]>
  </system-out>
</testsuite> <!-- scripts.Tc4 -->
